<?xml version="1.0" encoding="UTF-8"?>
<!-- Generated by org.testng.reporters.JUnitReportReporter -->
<testsuite hostname="Austrax-Lap40" failures="0" tests="3" name="com.booking.qa.testcases.FlightSelectionPageTest" time="346.679" errors="0" timestamp="19 Feb 2023 14:39:56 GMT" skipped="0">
  <testcase classname="com.booking.qa.testcases.FlightSelectionPageTest" name="FlightBooking1" time="111.735"/>
  <testcase classname="com.booking.qa.testcases.FlightSelectionPageTest" name="FlightBooking2" time="113.205"/>
  <testcase classname="com.booking.qa.testcases.FlightSelectionPageTest" name="FlightBooking" time="121.739"/>
</testsuite> <!-- com.booking.qa.testcases.FlightSelectionPageTest -->
