<?xml version="1.0" encoding="UTF-8"?>
<!-- Generated by org.testng.reporters.JUnitReportReporter -->
<testsuite hostname="Austrax-Lap40" failures="0" tests="1" name="com.booking.qa.testcases.ReviewFlightdetailsPageTest" time="36.799" errors="0" timestamp="19 Feb 2023 14:33:37 GMT" skipped="0">
  <testcase classname="com.booking.qa.testcases.ReviewFlightdetailsPageTest" name="ScrollByPage" time="36.799"/>
</testsuite> <!-- com.booking.qa.testcases.ReviewFlightdetailsPageTest -->
